Started GET "/" for ::1 at 2021-12-06 21:54:26 -0300
  
ArgumentError (Missing :controller key on routes definition, please check your routes.):
  
config/routes.rb:4:in `block in <top (required)>'
config/routes.rb:1:in `<top (required)>'
Started GET "/" for ::1 at 2021-12-06 21:55:06 -0300
Processing by WelcomeController#index as HTML
  Rendering welcome/index.html.erb within layouts/application
  Rendered welcome/index.html.erb within layouts/application (0.6ms)
Completed 200 OK in 422ms (Views: 409.7ms | ActiveRecord: 0.0ms)


Started GET "/" for ::1 at 2021-12-06 21:56:53 -0300
Processing by WelcomeController#index as HTML
  Rendering welcome/index.html.erb within layouts/application
  Rendered welcome/index.html.erb within layouts/application (0.7ms)
Completed 200 OK in 24ms (Views: 22.8ms | ActiveRecord: 0.0ms)


Started GET "/inicio" for ::1 at 2021-12-06 21:57:00 -0300
Processing by WelcomeController#index as HTML
  Rendering welcome/index.html.erb within layouts/application
  Rendered welcome/index.html.erb within layouts/application (0.6ms)
Completed 200 OK in 27ms (Views: 24.2ms | ActiveRecord: 0.0ms)


Started GET "/inicio" for ::1 at 2021-12-06 22:15:22 -0300
Processing by WelcomeController#index as HTML
Filter chain halted as #<Proc:0x000056352e2005f8@/home/marcelino/.rvm/gems/ruby-2.5.0/gems/actionpack-5.2.6/lib/action_controller/metal/http_authentication.rb:72> rendered or redirected
Completed 401 Unauthorized in 5ms (ActiveRecord: 0.0ms)


Started GET "/inicio" for ::1 at 2021-12-06 22:15:28 -0300
Processing by WelcomeController#index as HTML
  Rendering welcome/index.html.erb within layouts/application
  Rendered welcome/index.html.erb within layouts/application (0.9ms)
Completed 200 OK in 222ms (Views: 218.2ms | ActiveRecord: 0.0ms)


